<?xml version="1.0" encoding="UTF-8"?>
<testng-results ignored="0" total="1" passed="1" failed="0" skipped="0">
  <reporter-output>
  </reporter-output>
  <suite started-at="2024-07-17T16:50:27 IST" name="Suite" finished-at="2024-07-17T16:50:35 IST" duration-ms="7873">
    <groups>
    </groups>
    <test started-at="2024-07-17T16:50:27 IST" name="Test" finished-at="2024-07-17T16:50:35 IST" duration-ms="7873">
      <class name="TestCase.TC_001_Regitration">
        <test-method is-config="true" signature="setUp()[pri:0, instance:TestCase.TC_001_Regitration@52bf72b5]" started-at="2024-07-17T16:49:38 IST" name="setUp" finished-at="2024-07-17T16:50:27 IST" duration-ms="49187" status="PASS">
          <reporter-output>
          </reporter-output>
        </test-method> <!-- setUp -->
        <test-method signature="AccountRegistration()[pri:0, instance:TestCase.TC_001_Regitration@52bf72b5]" started-at="2024-07-17T16:50:27 IST" name="AccountRegistration" finished-at="2024-07-17T16:50:35 IST" duration-ms="7282" status="PASS">
          <reporter-output>
          </reporter-output>
        </test-method> <!-- AccountRegistration -->
        <test-method is-config="true" signature="Close()[pri:0, instance:TestCase.TC_001_Regitration@52bf72b5]" started-at="2024-07-17T16:50:35 IST" name="Close" finished-at="2024-07-17T16:50:36 IST" duration-ms="607" status="PASS">
          <reporter-output>
          </reporter-output>
        </test-method> <!-- Close -->
      </class> <!-- TestCase.TC_001_Regitration -->
    </test> <!-- Test -->
  </suite> <!-- Suite -->
</testng-results>
